<?xml version="1.0" encoding="UTF-8"?>
<!-- Generated by org.testng.reporters.JUnitReportReporter -->
<testsuite hostname="DESKTOP-QPVJ0NK" failures="0" tests="1" name="com.selenium.bridgelabz.Take_Screenshot" time="40.396" errors="0" timestamp="2022-07-25T06:37:50 BST" skipped="0">
  <testcase classname="com.selenium.bridgelabz.Take_Screenshot" name="screenshot" time="40.396"/>
  <system-out/>
</testsuite> <!-- com.selenium.bridgelabz.Take_Screenshot -->
