<?xml version="1.0" encoding="UTF-8"?>
<!-- Generated by org.testng.reporters.JUnitReportReporter -->
<testsuite hostname="DESKTOP-QPVJ0NK" failures="0" tests="1" name="com.selenium.bridgelabz.SignUp" time="31.870" errors="0" timestamp="2022-07-19T14:56:49 BST" skipped="0">
  <testcase classname="com.selenium.bridgelabz.SignUp" name="signupFb" time="31.870"/>
  <system-out/>
</testsuite> <!-- com.selenium.bridgelabz.SignUp -->
