<?xml version="1.0" encoding="UTF-8"?>
<!-- Generated by org.testng.reporters.JUnitReportReporter -->
<testsuite hostname="DESKTOP-QPVJ0NK" failures="0" tests="1" name="com.selenium.bridgelabz.SignIn" time="22.011" errors="0" timestamp="2022-07-19T11:45:35 BST" skipped="0">
  <testcase classname="com.selenium.bridgelabz.SignIn" name="login" time="22.011"/>
  <system-out/>
</testsuite> <!-- com.selenium.bridgelabz.SignIn -->
