<?xml version="1.0" encoding="UTF-8"?>
<!-- Generated by org.testng.reporters.JUnitReportReporter -->
<testsuite hostname="DESKTOP-QPVJ0NK" failures="0" tests="1" name="com.selenium.bridgelabz.Child_Browser_Popup" time="27.867" errors="0" timestamp="2022-08-03T16:41:27 BST" skipped="0">
  <testcase classname="com.selenium.bridgelabz.Child_Browser_Popup" name="print_windowHandle" time="27.867"/>
  <system-out/>
</testsuite> <!-- com.selenium.bridgelabz.Child_Browser_Popup -->
