<?xml version="1.0" encoding="UTF-8"?>
<!-- Generated by org.testng.reporters.JUnitReportReporter -->
<testsuite hostname="DESKTOP-QPVJ0NK" failures="0" tests="1" name="com.selenium.bridgelabz.VerifyFbUsingUrl" time="53.523" errors="0" timestamp="2022-07-23T17:36:13 BST" skipped="0">
  <testcase classname="com.selenium.bridgelabz.VerifyFbUsingUrl" name="test" time="53.523"/>
  <system-out/>
</testsuite> <!-- com.selenium.bridgelabz.VerifyFbUsingUrl -->
