<?xml version="1.0" encoding="UTF-8"?>
<!-- Generated by org.testng.reporters.JUnitReportReporter -->
<testsuite hostname="DESKTOP-QPVJ0NK" failures="0" tests="1" name="com.selenium.bridgelabz.PopUpTest" time="6.971" errors="0" timestamp="2022-08-01T07:01:40 BST" skipped="0">
  <testcase classname="com.selenium.bridgelabz.PopUpTest" name="uploadfile" time="6.971"/>
  <system-out/>
</testsuite> <!-- com.selenium.bridgelabz.PopUpTest -->
