<?xml version="1.0" encoding="UTF-8"?>
<!-- Generated by org.testng.reporters.JUnitReportReporter -->
<testsuite hostname="DESKTOP-QPVJ0NK" failures="0" tests="1" name="com.selenium.bridgelabz.File_Download_Popup" time="19.622" errors="0" timestamp="2022-08-03T16:17:13 BST" skipped="0">
  <testcase classname="com.selenium.bridgelabz.File_Download_Popup" name="fileDownloadTest" time="19.622"/>
  <system-out/>
</testsuite> <!-- com.selenium.bridgelabz.File_Download_Popup -->
