<?xml version="1.0" encoding="UTF-8"?>
<!-- Generated by org.testng.reporters.JUnitReportReporter -->
<testsuite hostname="DESKTOP-QPVJ0NK" failures="0" tests="1" name="com.selenium.bridgelabz.Action_cls_Methods" time="34.230" errors="0" timestamp="2022-07-27T16:40:23 BST" skipped="0">
  <testcase classname="com.selenium.bridgelabz.Action_cls_Methods" name="keys" time="34.230"/>
  <system-out/>
</testsuite> <!-- com.selenium.bridgelabz.Action_cls_Methods -->
