<?xml version="1.0" encoding="UTF-8"?>
<!-- Generated by org.testng.reporters.JUnitReportReporter -->
<testsuite hostname="DESKTOP-QPVJ0NK" failures="0" tests="1" name="com.selenium.bridgelabz.VerifyFB_UNandPWDfieldsAreAligned_intheSameRow" time="11.402" errors="0" timestamp="2022-07-24T16:16:35 BST" skipped="0">
  <testcase classname="com.selenium.bridgelabz.VerifyFB_UNandPWDfieldsAreAligned_intheSameRow" name="test" time="11.402"/>
  <system-out/>
</testsuite> <!-- com.selenium.bridgelabz.VerifyFB_UNandPWDfieldsAreAligned_intheSameRow -->
