<?xml version="1.0" encoding="UTF-8"?>
<!-- Generated by org.testng.reporters.JUnitReportReporter -->
<testsuite hostname="DESKTOP-QPVJ0NK" failures="0" tests="1" name="com.selenium.bridgelabz.ExplicitWait" time="16.247" errors="0" timestamp="2022-07-29T12:08:28 BST" skipped="0">
  <testcase classname="com.selenium.bridgelabz.ExplicitWait" name="explicit" time="16.247"/>
  <system-out/>
</testsuite> <!-- com.selenium.bridgelabz.ExplicitWait -->
