<?xml version="1.0" encoding="UTF-8"?>
<!-- Generated by org.testng.reporters.JUnitReportReporter -->
<testsuite hostname="DESKTOP-QPVJ0NK" failures="0" tests="1" name="com.selenium.bridgelabz.Wait" time="30.396" errors="0" timestamp="2022-07-29T11:37:56 BST" skipped="0">
  <testcase classname="com.selenium.bridgelabz.Wait" name="checkwait" time="30.396"/>
  <system-out/>
</testsuite> <!-- com.selenium.bridgelabz.Wait -->
