<?xml version="1.0" encoding="UTF-8"?>
<!-- Generated by org.testng.reporters.JUnitReportReporter -->
<testsuite hostname="DESKTOP-QPVJ0NK" failures="0" tests="1" name="com.selenium.bridgelabz.Launch_Browser" time="9.367" errors="0" timestamp="2022-07-19T12:03:46 BST" skipped="0">
  <testcase classname="com.selenium.bridgelabz.Launch_Browser" name="launch" time="9.367"/>
  <system-out/>
</testsuite> <!-- com.selenium.bridgelabz.Launch_Browser -->
