<?xml version="1.0" encoding="UTF-8"?>
<!-- Generated by org.testng.reporters.JUnitReportReporter -->
<testsuite hostname="DESKTOP-QPVJ0NK" failures="0" tests="1" name="com.selenium.bridgelabz.LaunchBrowser_Userinput" time="21.363" errors="0" timestamp="2022-08-01T04:41:06 BST" skipped="0">
  <testcase classname="com.selenium.bridgelabz.LaunchBrowser_Userinput" name="launchBrowser_UsingUserinputTest_WithFirefoxBrowser" time="21.363"/>
  <system-out/>
</testsuite> <!-- com.selenium.bridgelabz.LaunchBrowser_Userinput -->
