<?xml version="1.0" encoding="UTF-8"?>
<!-- Generated by org.testng.reporters.JUnitReportReporter -->
<testsuite hostname="DESKTOP-QPVJ0NK" failures="0" tests="1" name="com.selenium.bridgelabz.WebElement_Interface2" time="14.548" errors="0" timestamp="2022-07-25T16:11:09 BST" skipped="0">
  <testcase classname="com.selenium.bridgelabz.WebElement_Interface2" name="RemoveElementFromTextBox" time="14.548"/>
  <system-out/>
</testsuite> <!-- com.selenium.bridgelabz.WebElement_Interface2 -->
